<?xml version="1.0" encoding="UTF-8"?>
<!-- Generated by org.testng.reporters.JUnitXMLReporter -->
<testsuite ignored="7" hostname="INBOOK_X1_SLIM" failures="0" tests="1" name="ChromeTest(failed)(failed)(failed)(failed)(failed)" time="81.099" errors="0" timestamp="2023-12-01T17:51:07 IST">
  <testcase classname="AlarmEvents.Alarm_TC_001" name="zoominouttest" time="28.322"/>
  <testcase classname="AlarmEvents.Alarm_TC_001" name="googlemap" time="0.0">
    <ignored/>
  </testcase> <!-- googlemap -->
  <testcase classname="AlarmEvents.Alarm_TC_001" name="scrolltest" time="0.0">
    <ignored/>
  </testcase> <!-- scrolltest -->
  <testcase classname="AlarmEvents.Alarm_TC_001" name="fullscreen" time="0.0">
    <ignored/>
  </testcase> <!-- fullscreen -->
  <testcase classname="AlarmEvents.Alarm_TC_001" name="alarmtest" time="0.0">
    <ignored/>
  </testcase> <!-- alarmtest -->
  <testcase classname="AlarmEvents.Alarm_TC_001" name="textkeyboardtest" time="0.0">
    <ignored/>
  </testcase> <!-- textkeyboardtest -->
  <testcase classname="AlarmEvents.Alarm_TC_001" name="arrowkeystest" time="0.0">
    <ignored/>
  </testcase> <!-- arrowkeystest -->
  <testcase classname="AlarmEvents.Alarm_TC_001" name="refreshtest" time="0.0">
    <ignored/>
  </testcase> <!-- refreshtest -->
</testsuite> <!-- ChromeTest(failed)(failed)(failed)(failed)(failed) -->
