<?xml version="1.0" encoding="UTF-8"?>
<testng-results ignored="7" total="8" passed="1" failed="0" skipped="0">
  <reporter-output>
  </reporter-output>
  <suite started-at="2023-12-01T17:49:46 IST" name="Failed suite [Failed suite [Failed suite [Failed suite [Failed suite [Suite]]]]]" finished-at="2023-12-01T17:51:07 IST" duration-ms="81099">
    <groups>
    </groups>
    <test started-at="2023-12-01T17:49:46 IST" name="ChromeTest(failed)(failed)(failed)(failed)(failed)" finished-at="2023-12-01T17:51:07 IST" duration-ms="81099">
      <class name="AlarmEvents.Alarm_TC_001">
        <test-method is-config="true" signature="setup(java.lang.String)[pri:0, instance:AlarmEvents.Alarm_TC_001@399f45b1]" started-at="2023-12-01T17:49:46 IST" name="setup" finished-at="2023-12-01T17:50:38 IST" duration-ms="51949" status="PASS">
          <params>
            <param index="0">
              <value>
                <![CDATA[chrome]]>
              </value>
            </param>
          </params>
          <reporter-output>
          </reporter-output>
        </test-method> <!-- setup -->
        <test-method signature="zoominouttest()[pri:7, instance:AlarmEvents.Alarm_TC_001@399f45b1]" started-at="2023-12-01T17:50:38 IST" name="zoominouttest" finished-at="2023-12-01T17:51:06 IST" duration-ms="28322" status="PASS">
          <reporter-output>
          </reporter-output>
        </test-method> <!-- zoominouttest -->
        <test-method is-config="true" signature="tearDown()[pri:0, instance:AlarmEvents.Alarm_TC_001@399f45b1]" started-at="2023-12-01T17:51:06 IST" name="tearDown" finished-at="2023-12-01T17:51:07 IST" duration-ms="224" status="PASS">
          <reporter-output>
          </reporter-output>
        </test-method> <!-- tearDown -->
      </class> <!-- AlarmEvents.Alarm_TC_001 -->
    </test> <!-- ChromeTest(failed)(failed)(failed)(failed)(failed) -->
  </suite> <!-- Failed suite [Failed suite [Failed suite [Failed suite [Failed suite [Suite]]]]] -->
</testng-results>
